number,value,datetime_start,datetime_complete,duration,params_batch_size,params_bidirectional,params_dropout,params_hidden_size,params_lr,params_n_epochs,params_num_layers,params_seq_len,state
0,0.0,2025-11-24 22:17:12.069292,2025-11-24 22:19:25.088923,0 days 00:02:13.019631,32,True,0.3429789855453941,60,0.0003849295412527523,200,1.0,63,COMPLETE
1,0.5448773448773448,2025-11-24 22:17:14.017656,2025-11-24 22:21:19.812369,0 days 00:04:05.794713,16,True,0.258732836047799,52,0.009154047079497848,200,1.0,35,COMPLETE
2,0.5518136249715196,2025-11-24 22:17:17.898549,2025-11-24 22:18:06.175172,0 days 00:00:48.276623,48,False,0.10042357333400997,52,0.0014311929820341482,100,2.0,21,COMPLETE
3,0.4244614512471655,2025-11-24 22:18:06.237650,2025-11-24 22:19:56.410749,0 days 00:01:50.173099,32,False,0.17272309377055706,96,0.003463919904821047,200,1.0,42,COMPLETE
4,0.0,2025-11-24 22:19:25.137487,2025-11-24 22:23:05.455053,0 days 00:03:40.317566,16,False,0.31765674842083835,44,0.002231196339327231,200,1.0,63,COMPLETE
5,0.5027375307987552,2025-11-24 22:19:56.438940,2025-11-24 22:21:22.269286,0 days 00:01:25.830346,48,True,0.10039614524060735,12,0.001440850162227722,150,2.0,28,COMPLETE
6,0.4936230935005444,2025-11-24 22:21:19.853050,2025-11-24 22:21:37.870487,0 days 00:00:18.017437,48,False,0.25081889434779253,4,0.0003851979264969023,50,1.0,7,PRUNED
7,0.48920315099244865,2025-11-24 22:21:22.300494,2025-11-24 22:22:56.251522,0 days 00:01:33.951028,48,True,0.46126396975280526,52,0.0043919498106163215,150,1.0,14,PRUNED
8,0.5294372294372295,2025-11-24 22:21:37.897107,2025-11-24 22:25:42.661825,0 days 00:04:04.764718,16,False,0.48421015322689853,92,0.0015824829680029086,200,1.0,35,COMPLETE
9,0.4833333333333334,2025-11-24 22:22:56.299093,2025-11-24 22:25:23.318394,0 days 00:02:27.019301,16,True,0.2511890918431308,24,0.0029756215035924767,100,2.0,35,PRUNED
10,0.5099802536644641,2025-11-24 22:23:05.504305,2025-11-24 22:24:40.693333,0 days 00:01:35.189028,32,True,0.11666683729495841,56,0.001862884403507898,100,2.0,21,COMPLETE
11,0.3333333333333333,2025-11-24 22:24:40.729478,2025-11-24 22:25:51.256022,0 days 00:01:10.526544,32,False,0.10593156181655808,76,0.006946273112290644,150,1.0,49,PRUNED
12,0.7,2025-11-24 22:25:23.346068,2025-11-24 22:25:42.187896,0 days 00:00:18.841828,64,False,0.40694003781865873,80,0.00012171033500378537,50,2.0,49,COMPLETE
13,0.6,2025-11-24 22:25:42.237162,2025-11-24 22:26:00.865808,0 days 00:00:18.628646,64,False,0.43933775024954236,84,0.0001227441529227764,50,2.0,49,COMPLETE
14,0.6,2025-11-24 22:25:42.693947,2025-11-24 22:26:01.466639,0 days 00:00:18.772692,64,False,0.4064509489366729,80,0.00012501011161373477,50,2.0,49,COMPLETE
15,0.0,2025-11-24 22:25:51.283894,2025-11-24 22:26:09.835244,0 days 00:00:18.551350,64,False,0.4067748479982065,76,0.00012871628357719072,50,2.0,56,COMPLETE
16,0.6,2025-11-24 22:26:00.901636,2025-11-24 22:26:19.790978,0 days 00:00:18.889342,64,False,0.4069324104743597,76,0.00010214540165018993,50,2.0,49,COMPLETE
17,0.6,2025-11-24 22:26:01.496399,2025-11-24 22:26:20.314507,0 days 00:00:18.818108,64,False,0.40939700157966047,72,0.0001031110807470092,50,2.0,49,COMPLETE
18,0.6666666666666666,2025-11-24 22:26:09.866948,2025-11-24 22:26:28.891532,0 days 00:00:19.024584,64,False,0.3961360669807932,68,0.000244228055852366,50,2.0,49,COMPLETE
19,0.0,2025-11-24 22:26:19.824381,2025-11-24 22:26:56.653360,0 days 00:00:36.828979,64,False,0.4536429495945228,88,0.0002853066793109117,100,2.0,56,COMPLETE
20,0.0,2025-11-24 22:26:20.345147,2025-11-24 22:26:57.305941,0 days 00:00:36.960794,64,False,0.359076555286135,36,0.000264469865672762,100,2.0,56,COMPLETE
21,0.0,2025-11-24 22:26:28.921908,2025-11-24 22:27:06.202982,0 days 00:00:37.281074,64,False,0.35067852150163636,36,0.0003688045940806495,100,2.0,56,COMPLETE
22,0.5335648148148149,2025-11-24 22:26:56.687567,2025-11-24 22:27:37.147903,0 days 00:00:40.460336,48,False,0.36248335581812036,64,0.0007409276908288178,100,2.0,42,PRUNED
23,0.49553571428571425,2025-11-24 22:26:57.338527,2025-11-24 22:27:14.070566,0 days 00:00:16.732039,64,False,0.4993513848508511,68,0.00019527767687504714,50,2.0,42,PRUNED
24,0.47966269841269843,2025-11-24 22:27:06.232341,2025-11-24 22:27:26.918870,0 days 00:00:20.686529,48,False,0.4970844981014767,64,0.00021107930752303552,50,2.0,42,PRUNED
25,0.4897486772486772,2025-11-24 22:27:14.103973,2025-11-24 22:27:34.296020,0 days 00:00:20.192047,48,False,0.4416929835580805,84,0.0006916455501954866,50,2.0,42,PRUNED
26,0.5514219576719577,2025-11-24 22:27:26.940210,2025-11-24 22:27:47.176030,0 days 00:00:20.235820,48,False,0.4360621499403646,80,0.0006566370606448767,50,2.0,42,PRUNED
27,0.0,2025-11-24 22:27:34.324655,2025-11-24 22:27:53.313032,0 days 00:00:18.988377,64,False,0.37719337511993667,88,0.0006760695263628823,50,2.0,63,COMPLETE
28,0.0,2025-11-24 22:27:37.170099,2025-11-24 22:27:56.065168,0 days 00:00:18.895069,64,False,0.38202555726206433,84,0.00018969455300110394,50,2.0,63,COMPLETE
29,0.0,2025-11-24 22:27:47.196966,2025-11-24 22:28:05.786384,0 days 00:00:18.589418,64,False,0.38357181703373655,88,0.00016008379814663967,50,2.0,63,COMPLETE
30,0.48427786939691697,2025-11-24 22:27:53.338608,2025-11-24 22:28:09.694003,0 days 00:00:16.355395,64,False,0.29706922561391513,96,0.00016502339550971985,50,2.0,28,PRUNED
31,0.5821480107194394,2025-11-24 22:27:56.095502,2025-11-24 22:28:41.718805,0 days 00:00:45.623303,64,True,0.31060197096054254,96,0.00015628471650937166,100,2.0,28,COMPLETE
32,0.5205350394125904,2025-11-24 22:28:05.822250,2025-11-24 22:28:52.208362,0 days 00:00:46.386112,64,True,0.31497265246502293,60,0.00044000076523049726,100,2.0,28,COMPLETE
33,0.6,2025-11-24 22:28:09.728382,2025-11-24 22:28:28.147937,0 days 00:00:18.419555,64,False,0.3257157903489403,72,0.00012903326340790359,50,2.0,49,COMPLETE
34,0.6,2025-11-24 22:28:28.172681,2025-11-24 22:28:51.452809,0 days 00:00:23.280128,64,True,0.4203564492539366,60,0.0004436395797780444,50,2.0,49,COMPLETE
35,0.6666666666666666,2025-11-24 22:28:41.747442,2025-11-24 22:29:00.687749,0 days 00:00:18.940307,64,False,0.4210320273538993,60,0.0002652412549327222,50,2.0,49,COMPLETE
36,0.0,2025-11-24 22:28:51.484274,2025-11-24 22:29:09.778216,0 days 00:00:18.293942,64,False,0.46966175719756287,80,0.000262125838134354,50,2.0,56,COMPLETE
37,0.0,2025-11-24 22:28:52.234957,2025-11-24 22:29:14.598791,0 days 00:00:22.363834,48,False,0.4649347227382986,80,0.0002621976356203585,50,2.0,56,COMPLETE
38,0.0,2025-11-24 22:29:00.723173,2025-11-24 22:29:23.421615,0 days 00:00:22.698442,48,False,0.46836624404177885,48,0.00029007212796850146,50,2.0,56,COMPLETE
39,0.4887205387205387,2025-11-24 22:29:09.808428,2025-11-24 22:30:08.015076,0 days 00:00:58.206648,48,False,0.27789756489506223,44,0.0003140979047306981,150,2.0,35,PRUNED
40,0.6666666666666666,2025-11-24 22:29:14.630262,2025-11-24 22:30:15.237649,0 days 00:01:00.607387,48,False,0.2833408325385379,48,0.0003254043111938742,150,1.0,49,COMPLETE
41,0.6668470418470418,2025-11-24 22:29:23.447443,2025-11-24 22:30:45.405204,0 days 00:01:21.957761,32,False,0.21082740518214144,68,0.0010306077326457657,150,1.0,35,COMPLETE
42,0.5333333333333334,2025-11-24 22:30:08.034074,2025-11-24 22:30:35.558963,0 days 00:00:27.524889,64,False,0.22030676310358602,72,0.0011207092084429297,100,1.0,49,PRUNED
43,0.4,2025-11-24 22:30:15.273380,2025-11-24 22:31:36.689811,0 days 00:01:21.416431,32,False,0.21818095176932772,68,0.0010747076989238318,150,1.0,49,COMPLETE
44,0.5065192743764173,2025-11-24 22:30:35.580924,2025-11-24 22:31:57.134241,0 days 00:01:21.553317,32,False,0.20330848208646374,56,0.00021443243523432384,150,1.0,42,COMPLETE
45,0.5260521885521886,2025-11-24 22:30:45.442274,2025-11-24 22:31:55.412300,0 days 00:01:09.970026,32,False,0.20160420729370448,56,0.0010689240858911884,150,1.0,35,PRUNED
46,0.555050505050505,2025-11-24 22:31:36.720033,2025-11-24 22:32:53.396808,0 days 00:01:16.676775,32,False,0.16414568036880517,48,0.0005097841047355971,150,1.0,35,PRUNED
47,0.4251725217411492,2025-11-24 22:31:55.435130,2025-11-24 22:33:14.451330,0 days 00:01:19.016200,48,False,0.1745871537787557,52,0.0004874504151259003,200,1.0,7,PRUNED
48,0.5981294144452038,2025-11-24 22:31:57.164088,2025-11-24 22:34:19.098677,0 days 00:02:21.934589,32,True,0.27215531509040547,36,0.0005356313686290216,200,1.0,21,COMPLETE
49,0.6158601048074732,2025-11-24 22:32:53.429576,2025-11-24 22:37:04.662364,0 days 00:04:11.232788,16,True,0.2683238824600803,40,0.0005423113473193351,200,1.0,21,COMPLETE
50,0.4903296119085592,2025-11-24 22:33:14.481350,2025-11-24 22:35:07.723654,0 days 00:01:53.242304,32,True,0.2789163596322603,64,0.0008951939057501611,200,1.0,21,PRUNED
51,0.4580026455026455,2025-11-24 22:34:19.128138,2025-11-24 22:35:30.129950,0 days 00:01:11.001812,32,False,0.14239084414438322,64,0.000823372711417786,150,1.0,42,PRUNED
52,0.5357684208520329,2025-11-24 22:35:07.747373,2025-11-24 22:37:26.783029,0 days 00:02:19.035656,16,False,0.3412790800974068,44,0.0021384562486738605,150,1.0,14,PRUNED
53,0.5666666666666667,2025-11-24 22:35:30.167119,2025-11-24 22:36:13.243080,0 days 00:00:43.075961,64,False,0.4290363350185583,44,0.00012978168299365613,150,1.0,49,PRUNED
54,0.7333333333333334,2025-11-24 22:36:13.269018,2025-11-24 22:38:45.450906,0 days 00:02:32.181888,16,False,0.3911204979582769,68,0.0003655039003999615,150,1.0,49,COMPLETE
55,0.5075244047108596,2025-11-24 22:37:04.694717,2025-11-24 22:40:51.215251,0 days 00:03:46.520534,16,True,0.23957614780627323,24,0.0003486654449239871,200,1.0,14,PRUNED
56,0.49801972863009647,2025-11-24 22:37:26.811349,2025-11-24 22:41:14.854653,0 days 00:03:48.043304,16,True,0.237033353418169,28,0.00034284170571058565,200,1.0,14,PRUNED
57,0.0,2025-11-24 22:38:45.500961,2025-11-24 22:41:22.043565,0 days 00:02:36.542604,16,False,0.3934092432261659,68,0.0015057327022033272,150,1.0,56,COMPLETE
58,0.0,2025-11-24 22:40:51.240711,2025-11-24 22:41:53.313242,0 days 00:01:02.072531,48,False,0.39777684401872354,68,0.00023076806662995024,150,1.0,56,COMPLETE
59,0.6,2025-11-24 22:41:14.881415,2025-11-24 22:43:39.370788,0 days 00:02:24.489373,16,False,0.39143147013187124,68,0.001481435004910207,150,1.0,49,COMPLETE
60,0.5333333333333333,2025-11-24 22:41:22.081772,2025-11-24 22:42:20.148873,0 days 00:00:58.067101,48,False,0.3676263760213949,60,0.00023253188557899906,150,1.0,49,COMPLETE
61,0.5060941043083901,2025-11-24 22:41:53.344744,2025-11-24 22:42:50.534449,0 days 00:00:57.189705,48,False,0.372543876875138,60,0.00039624451596160403,150,1.0,42,COMPLETE
62,0.47685185185185186,2025-11-24 22:42:20.180349,2025-11-24 22:44:26.499617,0 days 00:02:06.319268,16,False,0.33848044335260397,76,0.0012780196609169304,150,1.0,42,PRUNED
63,0.4619708994708995,2025-11-24 22:42:50.564821,2025-11-24 22:46:20.961776,0 days 00:03:30.396955,16,True,0.34589229822638806,40,0.0005409414803955881,200,1.0,42,PRUNED
64,0.4817176870748299,2025-11-24 22:43:39.402505,2025-11-24 22:47:49.330966,0 days 00:04:09.928461,16,True,0.33231988639655696,40,0.00018143215211988262,200,1.0,42,COMPLETE
65,0.6666666666666666,2025-11-24 22:44:26.521051,2025-11-24 22:48:32.880155,0 days 00:04:06.359104,16,True,0.2933166652469436,40,0.0006138243564631686,200,1.0,49,COMPLETE
66,0.7333333333333334,2025-11-24 22:46:20.991576,2025-11-24 22:48:25.733550,0 days 00:02:04.741974,16,True,0.29807828148942583,32,0.0005929673335207691,100,1.0,49,COMPLETE
67,0.4666666666666666,2025-11-24 22:47:49.358982,2025-11-24 22:49:32.731983,0 days 00:01:43.373001,16,False,0.29588711485501534,52,0.0006296512941373228,100,1.0,49,COMPLETE
68,0.6666666666666666,2025-11-24 22:48:25.765736,2025-11-24 22:50:07.500759,0 days 00:01:41.735023,16,False,0.29552158426107356,72,0.000428052442181178,100,1.0,49,COMPLETE
69,0.4,2025-11-24 22:48:32.916734,2025-11-24 22:49:05.789334,0 days 00:00:32.872600,64,False,0.4170521901185234,12,0.008647632673852934,100,2.0,49,PRUNED
70,0.0,2025-11-24 22:49:05.812549,2025-11-24 22:49:39.901604,0 days 00:00:34.089055,64,False,0.4428534906278517,56,0.0008225885165438258,100,1.0,56,COMPLETE
71,0.0,2025-11-24 22:49:32.766941,2025-11-24 22:49:52.348489,0 days 00:00:19.581548,64,False,0.4459112093363154,16,0.0004381629921566751,50,2.0,56,COMPLETE
72,0.0,2025-11-24 22:49:39.958396,2025-11-24 22:50:11.308293,0 days 00:00:31.349897,32,False,0.3558050380684098,28,0.0004226824310662431,50,2.0,63,COMPLETE
73,0.6,2025-11-24 22:49:52.382021,2025-11-24 22:50:51.725413,0 days 00:00:59.343392,16,True,0.301949743117134,28,0.0005973515850923873,50,1.0,49,COMPLETE
74,0.6,2025-11-24 22:50:07.526946,2025-11-24 22:51:08.189563,0 days 00:01:00.662617,16,True,0.3066532088129935,32,0.0006080961217597976,50,1.0,49,COMPLETE
75,0.6,2025-11-24 22:50:11.335774,2025-11-24 22:51:12.039693,0 days 00:01:00.703919,16,True,0.3099145636790286,28,0.0006047770422649022,50,1.0,49,COMPLETE
76,0.6,2025-11-24 22:50:51.750813,2025-11-24 22:51:53.488628,0 days 00:01:01.737815,16,True,0.25785613594697543,32,0.0003092526589593207,50,1.0,49,COMPLETE
77,0.4631283068783069,2025-11-24 22:51:08.229317,2025-11-24 22:53:48.180974,0 days 00:02:39.951657,16,True,0.3239808466466646,76,0.00031454688917728315,150,1.0,42,PRUNED
78,0.6561791383219955,2025-11-24 22:51:12.069445,2025-11-24 22:53:18.314776,0 days 00:02:06.245331,16,True,0.25804035050520324,48,0.00029235568075058004,100,1.0,42,COMPLETE
79,0.5667989417989419,2025-11-24 22:51:53.514625,2025-11-24 22:52:33.312137,0 days 00:00:39.797512,64,True,0.4253357461491088,48,0.00014926093774314783,100,2.0,42,PRUNED
80,0.3942340067340068,2025-11-24 22:52:33.343672,2025-11-24 22:53:54.341765,0 days 00:01:20.998093,32,False,0.47823810692219265,76,0.001796162390026983,150,2.0,35,PRUNED
81,0.5537037037037037,2025-11-24 22:53:18.349035,2025-11-24 22:54:36.155162,0 days 00:01:17.806127,32,False,0.28815335050359675,76,0.0007309239540431693,150,2.0,35,PRUNED
82,0.5528619528619528,2025-11-24 22:53:48.211747,2025-11-24 22:55:07.258000,0 days 00:01:19.046253,32,False,0.28767884213604655,64,0.0009399831168750431,150,2.0,35,PRUNED
83,0.7333333333333334,2025-11-24 22:53:54.363666,2025-11-24 22:55:32.401956,0 days 00:01:38.038290,16,False,0.2935731569777584,72,0.0003834071228759975,100,1.0,49,COMPLETE
84,0.6,2025-11-24 22:54:36.181909,2025-11-24 22:56:13.896531,0 days 00:01:37.714622,16,False,0.2924417497419352,72,0.00037384462268436324,100,1.0,49,COMPLETE
85,0.0,2025-11-24 22:55:07.285183,2025-11-24 22:56:43.029095,0 days 00:01:35.743912,16,False,0.4096240840627149,72,0.00024609134590043475,100,1.0,56,COMPLETE
86,0.0,2025-11-24 22:55:32.428164,2025-11-24 22:57:08.336522,0 days 00:01:35.908358,16,False,0.45515861649255723,84,0.0003707747664255876,100,1.0,56,COMPLETE
87,0.0,2025-11-24 22:56:13.923306,2025-11-24 22:57:51.705031,0 days 00:01:37.781725,16,False,0.41213654156498086,84,0.0002476529938357771,100,1.0,56,COMPLETE
88,0.6666666666666666,2025-11-24 22:56:43.057973,2025-11-24 22:56:59.920652,0 days 00:00:16.862679,64,False,0.45352115233942236,80,0.0003349684944748733,50,1.0,49,COMPLETE
89,0.0,2025-11-24 22:56:59.954490,2025-11-24 22:58:35.986816,0 days 00:01:36.032326,16,False,0.2421090514284602,84,0.00048298909967034497,100,1.0,56,COMPLETE
90,0.5333333333333334,2025-11-24 22:57:08.371063,2025-11-24 22:57:22.630294,0 days 00:00:14.259231,64,False,0.24458131711973108,64,0.00020918445160858796,50,1.0,49,PRUNED
91,0.6666666666666666,2025-11-24 22:57:22.661138,2025-11-24 22:58:02.360242,0 days 00:00:39.699104,48,False,0.26741296230848166,60,0.00047513584310425835,100,1.0,49,COMPLETE
92,0.4,2025-11-24 22:57:51.740116,2025-11-24 22:58:08.749077,0 days 00:00:17.008961,48,False,0.3876558605337582,56,0.003179490095639905,50,1.0,49,PRUNED
93,0.2666666666666667,2025-11-24 22:58:02.391667,2025-11-24 22:59:24.869577,0 days 00:01:22.477910,16,False,0.31948667650800106,68,0.0037992929624159387,100,1.0,49,PRUNED
94,0.6666666666666666,2025-11-24 22:58:08.778354,2025-11-24 22:59:46.293719,0 days 00:01:37.515365,16,False,0.2811362773102215,68,0.0004189678750257827,100,1.0,49,COMPLETE
95,0.5333333333333334,2025-11-24 22:58:36.018075,2025-11-24 23:00:00.182150,0 days 00:01:24.164075,16,False,0.3249291027641785,72,0.0004063623921310515,100,1.0,49,PRUNED
96,0.6,2025-11-24 22:59:24.897685,2025-11-24 23:01:04.787786,0 days 00:01:39.890101,16,False,0.2812159582097703,68,0.00011211311368692015,100,1.0,49,COMPLETE
97,0.6903344671201814,2025-11-24 22:59:46.328131,2025-11-24 23:02:21.541950,0 days 00:02:35.213819,16,False,0.40056735184864956,72,0.00027759734763147426,150,1.0,42,COMPLETE
98,0.5778688242973956,2025-11-24 23:00:00.208987,2025-11-24 23:02:36.734222,0 days 00:02:36.525235,16,False,0.401902416790701,72,0.0007307582392571914,150,1.0,28,COMPLETE
99,0.5337466010935399,2025-11-24 23:01:04.820154,2025-11-24 23:02:01.882517,0 days 00:00:57.062363,64,False,0.39911508641263027,72,0.00014225829323013275,150,2.0,28,COMPLETE
100,0.621031746031746,2025-11-24 23:02:01.914490,2025-11-24 23:05:05.052831,0 days 00:03:03.138341,16,True,0.30092417532203575,64,0.00027687884802090853,150,1.0,42,COMPLETE
101,0.5912698412698412,2025-11-24 23:02:21.575927,2025-11-24 23:03:20.677259,0 days 00:00:59.101332,64,True,0.4277142341422947,80,0.0013050262790120326,150,1.0,42,COMPLETE
102,0.5092592592592593,2025-11-24 23:02:36.765179,2025-11-24 23:03:36.808976,0 days 00:01:00.043797,64,True,0.43022154268783896,92,0.0001915667534304464,150,2.0,42,PRUNED
103,0.4583333333333333,2025-11-24 23:03:20.708073,2025-11-24 23:05:30.777086,0 days 00:02:10.069013,16,False,0.37499167728894495,64,0.00017603831165148419,150,1.0,42,PRUNED
104,0.5333333333333334,2025-11-24 23:03:36.870195,2025-11-24 23:05:43.148508,0 days 00:02:06.278313,16,False,0.37874677695305786,64,0.00026954732014005344,150,1.0,49,PRUNED
105,0.6666666666666666,2025-11-24 23:05:05.083474,2025-11-24 23:08:21.673792,0 days 00:03:16.590318,16,False,0.36793090639094655,36,0.000334607688884431,200,1.0,49,COMPLETE
106,0.6333333333333333,2025-11-24 23:05:30.807241,2025-11-24 23:08:46.907710,0 days 00:03:16.100469,16,False,0.2311173553029919,80,0.0008176859442326331,200,1.0,49,COMPLETE
107,0.5333333333333334,2025-11-24 23:05:43.181877,2025-11-24 23:08:31.919573,0 days 00:02:48.737696,16,False,0.12579633943888122,80,0.0003653650797447647,200,1.0,49,PRUNED
108,0.6,2025-11-24 23:08:21.707755,2025-11-24 23:09:10.173869,0 days 00:00:48.466114,16,False,0.227272848050743,80,0.00022089828658245958,50,1.0,49,COMPLETE
109,0.0,2025-11-24 23:08:31.943728,2025-11-24 23:09:19.575383,0 days 00:00:47.631655,16,False,0.26982382791122067,68,0.0005500056380131249,50,1.0,56,COMPLETE
110,0.0,2025-11-24 23:08:46.949690,2025-11-24 23:09:35.334914,0 days 00:00:48.385224,16,False,0.26680921072473035,68,0.00021861248389561257,50,1.0,56,COMPLETE
111,0.0,2025-11-24 23:09:10.206702,2025-11-24 23:10:06.525703,0 days 00:00:56.319001,16,False,0.3130676475573837,68,0.0005489303808345867,50,2.0,56,COMPLETE
112,0.0,2025-11-24 23:09:19.603211,2025-11-24 23:10:51.907112,0 days 00:01:32.303901,32,False,0.19600118845944015,76,0.00046143138576996696,150,2.0,56,COMPLETE
113,0.6666666666666666,2025-11-24 23:09:35.362047,2025-11-24 23:09:51.441548,0 days 00:00:16.079501,64,False,0.49104431699248363,76,0.0003293124856037699,50,1.0,49,COMPLETE
114,0.6666666666666666,2025-11-24 23:09:51.471379,2025-11-24 23:10:09.172632,0 days 00:00:17.701253,64,False,0.4498677117909746,72,0.0002965885203171371,50,1.0,49,COMPLETE
115,0.6666666666666666,2025-11-24 23:10:06.557929,2025-11-24 23:10:22.917829,0 days 00:00:16.359900,64,False,0.41599902352603396,88,0.00028383719719070864,50,1.0,49,COMPLETE
116,0.5666666666666667,2025-11-24 23:10:09.198202,2025-11-24 23:10:23.182331,0 days 00:00:13.984129,64,False,0.41585284599650435,40,0.0004732431146534214,50,1.0,49,PRUNED
117,0.4823082010582011,2025-11-24 23:10:22.950047,2025-11-24 23:10:37.309509,0 days 00:00:14.359462,64,False,0.3327333185861979,76,0.00039247179562060627,50,1.0,42,PRUNED
118,0.5269510582010583,2025-11-24 23:10:23.211558,2025-11-24 23:11:04.966777,0 days 00:00:41.755219,64,False,0.3339535959561442,60,0.000400832052075803,150,1.0,42,PRUNED
119,0.6666666666666666,2025-11-24 23:10:37.333824,2025-11-24 23:11:33.930650,0 days 00:00:56.596826,64,False,0.43858218019342654,44,0.00025050107728582475,150,2.0,49,COMPLETE
120,0.5333333333333333,2025-11-24 23:10:51.934256,2025-11-24 23:11:43.312355,0 days 00:00:51.378099,64,False,0.35625938719421296,60,0.00025078610812422346,150,1.0,49,COMPLETE
121,0.6,2025-11-24 23:11:04.994239,2025-11-24 23:11:45.155890,0 days 00:00:40.161651,64,True,0.43555136833836855,72,0.0002429002473977679,100,1.0,49,COMPLETE
122,0.6,2025-11-24 23:11:33.961494,2025-11-24 23:12:22.235280,0 days 00:00:48.273786,48,True,0.3506324349535247,32,0.0003425368160798559,100,1.0,49,COMPLETE
123,0.6,2025-11-24 23:11:43.343776,2025-11-24 23:12:24.826574,0 days 00:00:41.482798,48,False,0.2909177461573314,72,0.0003421369897872946,100,1.0,49,COMPLETE
124,0.6666666666666666,2025-11-24 23:11:45.187735,2025-11-24 23:12:26.614348,0 days 00:00:41.426613,48,False,0.28861503727422466,52,0.00033832486618634605,100,1.0,49,COMPLETE
125,0.5333333333333333,2025-11-24 23:12:22.264231,2025-11-24 23:13:04.380033,0 days 00:00:42.115802,48,False,0.29060607084383494,56,0.000504686912182919,100,1.0,49,COMPLETE
126,0.8,2025-11-24 23:12:24.858948,2025-11-24 23:13:06.978321,0 days 00:00:42.119373,48,False,0.2526127005719049,56,0.0004947612492838775,100,1.0,49,COMPLETE
127,0.6,2025-11-24 23:12:26.645925,2025-11-24 23:13:08.807580,0 days 00:00:42.161655,48,False,0.30165737792381614,52,0.0004978832726543772,100,1.0,49,COMPLETE
128,0.4714225589225589,2025-11-24 23:13:04.410752,2025-11-24 23:13:40.229779,0 days 00:00:35.819027,48,False,0.30464752103804377,52,0.0006504903762709874,100,1.0,35,PRUNED
129,0.4795875420875421,2025-11-24 23:13:07.025099,2025-11-24 23:13:42.929212,0 days 00:00:35.904113,48,False,0.18748208126167565,52,0.0010099084464973971,100,1.0,35,PRUNED
