number,value,datetime_start,datetime_complete,duration,params_batch_size,params_bidirectional,params_dropout,params_hidden_size,params_lr,params_n_epochs,params_num_layers,params_seq_len,state
389,0.6976190476190477,2025-11-25 00:24:01.279537,2025-11-25 00:24:12.795964,0 days 00:00:11.516427,48,True,0.24177623161422723,36,0.002111921459523599,75,,84,COMPLETE
390,0.638095238095238,2025-11-25 00:24:08.456549,2025-11-25 00:24:20.223054,0 days 00:00:11.766505,48,True,0.23144205873595716,36,0.0020829554356900665,75,,84,COMPLETE
391,0.6,2025-11-25 00:24:12.819920,2025-11-25 00:24:24.662091,0 days 00:00:11.842171,48,True,0.23184587705724855,36,0.002347707225716238,75,,84,COMPLETE
392,0.6738095238095237,2025-11-25 00:24:20.248446,2025-11-25 00:24:31.649247,0 days 00:00:11.400801,48,True,0.20543570831608193,36,0.0018964682096313018,75,,84,COMPLETE
393,0.5357142857142857,2025-11-25 00:24:24.691067,2025-11-25 00:24:36.097241,0 days 00:00:11.406174,48,True,0.24744479851607828,36,0.0018202049828416472,75,,84,COMPLETE
394,0.7531746031746032,2025-11-25 00:24:31.686028,2025-11-25 00:24:43.126122,0 days 00:00:11.440094,48,True,0.25704697142340655,36,0.0018657110538369806,75,,84,COMPLETE
395,0.7849206349206349,2025-11-25 00:24:36.124351,2025-11-25 00:24:47.526569,0 days 00:00:11.402218,48,True,0.2605167810768409,36,0.0016110324253294237,75,,84,COMPLETE
396,0.7325396825396825,2025-11-25 00:24:43.151799,2025-11-25 00:24:54.627438,0 days 00:00:11.475639,48,True,0.2141957758344863,36,0.0017566285523027024,75,,84,COMPLETE
397,0.6777777777777777,2025-11-25 00:24:47.552784,2025-11-25 00:24:59.147895,0 days 00:00:11.595111,48,True,0.25010994041826956,36,0.0015706723250221407,75,,84,COMPLETE
398,0.7095238095238096,2025-11-25 00:24:54.655903,2025-11-25 00:25:06.078388,0 days 00:00:11.422485,48,True,0.2560222170830156,36,0.0019592739598429513,75,,84,COMPLETE
399,0.5984126984126984,2025-11-25 00:24:59.173713,2025-11-25 00:25:10.740876,0 days 00:00:11.567163,48,True,0.25590238197255144,36,0.0019489124786855705,75,,84,COMPLETE
400,0.6777777777777777,2025-11-25 00:25:06.104605,2025-11-25 00:25:17.672288,0 days 00:00:11.567683,48,True,0.2322330807828416,36,0.0015283044829177965,75,,84,COMPLETE
401,0.5404761904761904,2025-11-25 00:25:10.782624,2025-11-25 00:25:22.242812,0 days 00:00:11.460188,48,True,0.2641560183403845,36,0.0026127083424079263,75,,84,COMPLETE
402,0.7571428571428571,2025-11-25 00:25:17.698617,2025-11-25 00:25:29.092263,0 days 00:00:11.393646,48,True,0.26309614962344113,36,0.0017458784507725258,75,,84,COMPLETE
403,0.8095238095238096,2025-11-25 00:25:22.267233,2025-11-25 00:25:33.752278,0 days 00:00:11.485045,48,True,0.2404755525462522,36,0.0016987121252516,75,,84,COMPLETE
404,0.6674603174603174,2025-11-25 00:25:29.114447,2025-11-25 00:25:40.511608,0 days 00:00:11.397161,48,True,0.24991183001195721,36,0.0017039079707134271,75,,84,COMPLETE
405,0.6452380952380952,2025-11-25 00:25:33.787428,2025-11-25 00:25:45.208863,0 days 00:00:11.421435,48,True,0.23644607219816505,36,0.001714826446461991,75,,84,COMPLETE
406,0.5944444444444444,2025-11-25 00:25:40.537723,2025-11-25 00:25:52.017772,0 days 00:00:11.480049,48,True,0.23943495316904648,36,0.0017767411460944038,75,,84,COMPLETE
407,0.7722222222222221,2025-11-25 00:25:45.239111,2025-11-25 00:25:56.812371,0 days 00:00:11.573260,48,True,0.240552774552088,36,0.0014986754846332507,75,,84,COMPLETE
408,0.48809523809523814,2025-11-25 00:25:52.042477,2025-11-25 00:26:03.527658,0 days 00:00:11.485181,48,True,0.26364150381562457,36,0.0015536250869282583,75,,84,COMPLETE
409,0.6968253968253969,2025-11-25 00:25:56.839251,2025-11-25 00:26:08.405237,0 days 00:00:11.565986,48,True,0.22092145065971783,36,0.0015485409186728858,75,,84,COMPLETE
410,0.7333333333333334,2025-11-25 00:26:03.554841,2025-11-25 00:26:15.154737,0 days 00:00:11.599896,48,True,0.21837491793315408,36,0.0018906684907476492,75,,84,COMPLETE
411,0.7134920634920635,2025-11-25 00:26:08.431387,2025-11-25 00:26:20.210171,0 days 00:00:11.778784,48,True,0.2414091165181415,36,0.001783165960013385,75,,84,COMPLETE
412,0.6301587301587301,2025-11-25 00:26:15.179345,2025-11-25 00:26:26.954690,0 days 00:00:11.775345,48,True,0.24149000761233103,36,0.0018860458930507224,75,,84,COMPLETE
413,0.7206349206349206,2025-11-25 00:26:20.238690,2025-11-25 00:26:32.473754,0 days 00:00:12.235064,48,True,0.23192475350300543,36,0.0014372892494878898,75,,84,COMPLETE
414,0.8253968253968255,2025-11-25 00:26:26.984903,2025-11-25 00:26:39.330205,0 days 00:00:12.345302,48,True,0.2523771900342565,32,0.0014484986551203565,75,,84,COMPLETE
415,0.7682539682539682,2025-11-25 00:26:32.498836,2025-11-25 00:26:44.202601,0 days 00:00:11.703765,48,True,0.24822506027292973,32,0.0022588044505511763,75,,84,COMPLETE
416,0.6865079365079364,2025-11-25 00:26:39.372199,2025-11-25 00:26:50.658376,0 days 00:00:11.286177,48,True,0.2534706736666052,32,0.001575563016868294,75,,84,COMPLETE
417,0.6785714285714285,2025-11-25 00:26:44.232195,2025-11-25 00:26:55.612878,0 days 00:00:11.380683,48,True,0.25264151365009846,32,0.0021431756803715575,75,,84,COMPLETE
418,0.673015873015873,2025-11-25 00:26:50.687071,2025-11-25 00:27:02.051190,0 days 00:00:11.364119,48,True,0.25599604951519606,32,0.002135205136917237,75,,84,COMPLETE
419,0.0,2025-11-25 00:26:55.639734,2025-11-25 00:27:07.225558,0 days 00:00:11.585824,48,True,0.2279928197229659,32,0.002733161920092061,75,,98,COMPLETE
420,0.5373015873015873,2025-11-25 00:27:02.077811,2025-11-25 00:27:13.520147,0 days 00:00:11.442336,48,True,0.22917753759970935,32,0.001917422758280609,75,,84,COMPLETE
421,0.5857142857142857,2025-11-25 00:27:07.251543,2025-11-25 00:27:18.872500,0 days 00:00:11.620957,48,True,0.24591544850603922,32,0.0024250641373428357,75,,84,COMPLETE
422,0.7214285714285715,2025-11-25 00:27:13.551409,2025-11-25 00:27:25.079762,0 days 00:00:11.528353,48,True,0.266646825172072,32,0.0017157708107919199,75,,84,COMPLETE
423,0.6738095238095237,2025-11-25 00:27:18.901752,2025-11-25 00:27:30.433801,0 days 00:00:11.532049,48,True,0.2680295089628207,32,0.0015973001907506703,75,,84,COMPLETE
424,0.5484126984126985,2025-11-25 00:27:25.105690,2025-11-25 00:27:36.669623,0 days 00:00:11.563933,48,True,0.250104830837072,32,0.0022886899361020028,75,,84,COMPLETE
425,0.6309523809523809,2025-11-25 00:27:30.459628,2025-11-25 00:27:42.148380,0 days 00:00:11.688752,48,True,0.25166704126882095,32,0.0018379314794565408,75,,84,COMPLETE
426,0.6142857142857142,2025-11-25 00:27:36.709872,2025-11-25 00:27:48.233520,0 days 00:00:11.523648,48,True,0.25757100799674243,20,0.0018382488449085032,75,,84,COMPLETE
427,0.7920634920634922,2025-11-25 00:27:42.175049,2025-11-25 00:27:53.635270,0 days 00:00:11.460221,48,True,0.26500482702066464,20,0.0019993275666513573,75,,84,COMPLETE
428,0.3801587301587302,2025-11-25 00:27:48.260062,2025-11-25 00:27:59.757905,0 days 00:00:11.497843,48,True,0.27269836225455263,4,0.001639014781396037,75,,84,COMPLETE
429,0.5936507936507937,2025-11-25 00:27:53.660345,2025-11-25 00:28:05.373649,0 days 00:00:11.713304,48,True,0.26859645424128736,20,0.0021020925738203067,75,,84,COMPLETE
430,0.7769841269841269,2025-11-25 00:27:59.782177,2025-11-25 00:28:11.329895,0 days 00:00:11.547718,48,True,0.2399021437631566,20,0.0013313427401124807,75,,84,COMPLETE
431,0.4904761904761905,2025-11-25 00:28:05.400029,2025-11-25 00:28:17.001724,0 days 00:00:11.601695,48,True,0.08751106145874374,20,0.002764983453548331,75,,84,COMPLETE
432,0.7444444444444445,2025-11-25 00:28:11.355278,2025-11-25 00:28:22.772901,0 days 00:00:11.417623,48,True,0.23543370182890322,20,0.0013258063438622526,75,,84,COMPLETE
433,0.5817460317460318,2025-11-25 00:28:17.026152,2025-11-25 00:28:28.502831,0 days 00:00:11.476679,48,True,0.23649500020008607,20,0.0013117203558653348,75,,84,COMPLETE
434,0.6373015873015874,2025-11-25 00:28:22.800873,2025-11-25 00:28:34.393807,0 days 00:00:11.592934,48,True,0.24541555624919942,20,0.001496844998454887,75,,84,COMPLETE
435,0.6357142857142857,2025-11-25 00:28:28.527341,2025-11-25 00:28:40.237507,0 days 00:00:11.710166,48,True,0.22613454745581563,20,0.0014227295104841382,75,,84,COMPLETE
436,0.6396825396825396,2025-11-25 00:28:34.421356,2025-11-25 00:28:46.017923,0 days 00:00:11.596567,48,True,0.22196357687850132,20,0.0025658005672099466,75,,84,COMPLETE
437,0.0,2025-11-25 00:28:40.263558,2025-11-25 00:28:51.832074,0 days 00:00:11.568516,48,True,0.24608967557122566,20,0.0022695819438727496,75,,98,COMPLETE
438,0.5936507936507937,2025-11-25 00:28:46.049254,2025-11-25 00:28:57.482296,0 days 00:00:11.433042,48,True,0.2589572986396305,20,0.0022021206883753716,75,,84,COMPLETE
439,0.6214285714285714,2025-11-25 00:28:51.859563,2025-11-25 00:29:03.391569,0 days 00:00:11.532006,48,True,0.2634857388079332,16,0.0012762958133888279,75,,84,COMPLETE
440,0.5611111111111111,2025-11-25 00:28:57.508452,2025-11-25 00:29:08.978792,0 days 00:00:11.470340,48,True,0.20815078183533525,16,0.0012590463336102453,75,,84,COMPLETE
441,0.6666666666666666,2025-11-25 00:29:03.417291,2025-11-25 00:29:14.950249,0 days 00:00:11.532958,48,True,0.2696906734448533,20,0.0016120029605557569,75,,84,COMPLETE
442,0.5960317460317461,2025-11-25 00:29:09.003658,2025-11-25 00:29:20.541136,0 days 00:00:11.537478,48,True,0.2432839419201226,32,0.0016103349621617712,75,,84,COMPLETE
443,0.7253968253968254,2025-11-25 00:29:14.978952,2025-11-25 00:29:26.333147,0 days 00:00:11.354195,48,True,0.24223309909667118,20,0.0019684223828478234,75,,84,COMPLETE
444,0.6253968253968254,2025-11-25 00:29:20.568483,2025-11-25 00:29:32.022790,0 days 00:00:11.454307,48,True,0.2747505131728257,20,0.0020357438723031113,75,,84,COMPLETE
445,0.6253968253968254,2025-11-25 00:29:26.364555,2025-11-25 00:29:38.060463,0 days 00:00:11.695908,48,True,0.2772983547321565,20,0.001440780729868125,75,,84,COMPLETE
446,0.6984126984126985,2025-11-25 00:29:32.047526,2025-11-25 00:29:43.566690,0 days 00:00:11.519164,48,True,0.2617952924681269,32,0.0014801778528858458,75,,84,COMPLETE
447,0.6341269841269842,2025-11-25 00:29:38.084342,2025-11-25 00:29:49.585523,0 days 00:00:11.501181,48,True,0.2618227703800228,32,0.0013097254696252131,75,,84,COMPLETE
448,0.653968253968254,2025-11-25 00:29:43.593582,2025-11-25 00:29:55.033426,0 days 00:00:11.439844,48,True,0.25289866563674085,32,0.0013110609839849948,75,,84,COMPLETE
449,0.719047619047619,2025-11-25 00:29:49.611763,2025-11-25 00:30:01.060499,0 days 00:00:11.448736,48,True,0.25138737387689924,36,0.0017407136195905118,75,,84,COMPLETE
450,0.5793650793650794,2025-11-25 00:29:55.056893,2025-11-25 00:30:06.606210,0 days 00:00:11.549317,48,True,0.19425175091255822,36,0.0017691094432468683,75,,84,COMPLETE
451,0.6190476190476191,2025-11-25 00:30:01.088924,2025-11-25 00:30:12.594142,0 days 00:00:11.505218,48,True,0.19600337803985035,36,0.0015052154963955194,75,,84,COMPLETE
452,0.6706349206349206,2025-11-25 00:30:06.631921,2025-11-25 00:30:18.042996,0 days 00:00:11.411075,48,True,0.2319375066702962,36,0.001537850821933928,75,,84,COMPLETE
453,0.6507936507936508,2025-11-25 00:30:12.620267,2025-11-25 00:30:24.541934,0 days 00:00:11.921667,48,True,0.23491414309278713,20,0.001214738445261274,75,,84,COMPLETE
454,0.7214285714285715,2025-11-25 00:30:18.066276,2025-11-25 00:30:29.934562,0 days 00:00:11.868286,48,True,0.27859014026372936,20,0.0012381277337148076,75,,84,COMPLETE
455,0.6087301587301587,2025-11-25 00:30:24.567521,2025-11-25 00:30:36.044645,0 days 00:00:11.477124,48,True,0.2494533116028165,32,0.0019460241368709779,75,,84,COMPLETE
456,0.0,2025-11-25 00:30:29.959946,2025-11-25 00:30:41.532934,0 days 00:00:11.572988,48,True,0.27115073490718944,32,0.001121197223753595,75,,98,COMPLETE
457,0.7111111111111111,2025-11-25 00:30:36.070739,2025-11-25 00:30:47.674984,0 days 00:00:11.604245,48,True,0.15090665223330166,36,0.003082592846219096,75,,84,COMPLETE
458,0.6349206349206349,2025-11-25 00:30:41.556457,2025-11-25 00:30:52.980694,0 days 00:00:11.424237,48,True,0.22112400558972756,36,0.001360277679577614,75,,77,COMPLETE
459,0.6920634920634922,2025-11-25 00:30:47.700138,2025-11-25 00:30:59.138256,0 days 00:00:11.438118,48,True,0.2647148635767225,36,0.0013604862224846825,75,,84,COMPLETE
460,0.6777777777777777,2025-11-25 00:30:53.006173,2025-11-25 00:31:04.397680,0 days 00:00:11.391507,48,True,0.26817355502326257,16,0.0017471449203665468,75,,84,COMPLETE
461,0.6373015873015873,2025-11-25 00:30:59.167543,2025-11-25 00:31:10.718849,0 days 00:00:11.551306,48,True,0.238104063778876,16,0.0010669269686135175,75,,84,COMPLETE
462,0.6301587301587301,2025-11-25 00:31:04.423070,2025-11-25 00:31:15.926127,0 days 00:00:11.503057,48,True,0.2394090787571197,36,0.001085035798760531,75,,84,COMPLETE
463,0.7420634920634921,2025-11-25 00:31:10.749436,2025-11-25 00:31:22.501709,0 days 00:00:11.752273,48,True,0.008404550152073836,36,0.001619478646146219,75,,84,COMPLETE
464,0.5968253968253969,2025-11-25 00:31:15.962022,2025-11-25 00:31:27.530368,0 days 00:00:11.568346,48,True,0.2528066059128934,12,0.0016030001388249602,75,,84,COMPLETE
465,0.5944444444444444,2025-11-25 00:31:22.522983,2025-11-25 00:31:34.022408,0 days 00:00:11.499425,48,True,0.2810853174367686,32,0.0016759965985463578,75,,84,COMPLETE
466,0.4785714285714286,2025-11-25 00:31:27.558480,2025-11-25 00:31:39.350492,0 days 00:00:11.792012,48,True,0.2836103584189421,32,0.0019775273871321026,75,,84,COMPLETE
467,0.7452380952380953,2025-11-25 00:31:34.052178,2025-11-25 00:31:45.874957,0 days 00:00:11.822779,48,True,0.2135279064586999,36,0.0024180298049429807,75,,84,COMPLETE
468,0.42063492063492064,2025-11-25 00:31:39.377937,2025-11-25 00:31:50.844283,0 days 00:00:11.466346,48,True,0.257372180916928,36,0.0022404789849323186,75,,84,COMPLETE
469,0.6235827664399093,2025-11-25 00:31:45.900896,2025-11-25 00:31:57.534598,0 days 00:00:11.633702,48,True,0.2564723220634825,36,0.0022008085540766026,75,,77,COMPLETE
470,0.709750566893424,2025-11-25 00:31:50.875954,2025-11-25 00:32:02.239042,0 days 00:00:11.363088,48,True,0.24819725122453645,20,0.0020331391955593415,75,,77,COMPLETE
471,0.6174603174603175,2025-11-25 00:31:57.560233,2025-11-25 00:32:09.092925,0 days 00:00:11.532692,48,True,0.24475235057974679,20,0.0014743305652150842,75,,84,COMPLETE
472,0.7896825396825397,2025-11-25 00:32:02.267000,2025-11-25 00:32:13.734039,0 days 00:00:11.467039,48,True,0.2732005475514478,36,0.0014604982798334418,75,,84,COMPLETE
473,0.776984126984127,2025-11-25 00:32:09.115680,2025-11-25 00:32:20.590774,0 days 00:00:11.475094,48,True,0.2737376462308807,36,0.0011941803598975408,75,,84,COMPLETE
474,0.6746031746031745,2025-11-25 00:32:13.761634,2025-11-25 00:32:25.220639,0 days 00:00:11.459005,48,True,0.27060288222916934,36,0.001194499980658022,75,,84,COMPLETE
475,0.6531746031746032,2025-11-25 00:32:20.616956,2025-11-25 00:32:32.121373,0 days 00:00:11.504417,48,True,0.27323435789416733,32,0.0011873105204183347,75,,84,COMPLETE
476,0.39999999999999997,2025-11-25 00:32:25.256807,2025-11-25 00:32:41.595146,0 days 00:00:16.338339,32,True,0.2781968048808946,8,0.0011786026557308296,75,,84,COMPLETE
477,0.576984126984127,2025-11-25 00:32:32.145944,2025-11-25 00:32:43.868313,0 days 00:00:11.722369,48,True,0.22734426983523015,36,0.001357572100924979,75,,84,COMPLETE
478,0.6920634920634922,2025-11-25 00:32:41.621735,2025-11-25 00:32:53.117548,0 days 00:00:11.495813,48,True,0.22650123864998004,36,0.0013129070761680917,75,,84,COMPLETE
479,0.6611111111111111,2025-11-25 00:32:43.895056,2025-11-25 00:32:55.474295,0 days 00:00:11.579239,48,True,0.2641513010505675,20,0.001272332254625705,75,,84,COMPLETE
480,0.6174603174603175,2025-11-25 00:32:53.145788,2025-11-25 00:33:04.744213,0 days 00:00:11.598425,48,True,0.2597342883534884,20,0.0014331221262756312,75,,84,COMPLETE
481,0.6777777777777777,2025-11-25 00:32:55.500099,2025-11-25 00:33:07.058189,0 days 00:00:11.558090,48,True,0.2871365826806804,32,0.0010194122003761674,75,,84,COMPLETE
482,0.0,2025-11-25 00:33:04.770275,2025-11-25 00:33:16.194805,0 days 00:00:11.424530,48,True,0.29019203752468486,32,0.0010208090767329404,75,,98,COMPLETE
483,0.0,2025-11-25 00:33:07.083712,2025-11-25 00:33:18.550315,0 days 00:00:11.466603,48,True,0.24522203537753032,36,0.001102305457201363,75,,98,COMPLETE
484,0.6341269841269841,2025-11-25 00:33:16.227993,2025-11-25 00:33:27.815698,0 days 00:00:11.587705,48,True,0.2731690296280642,36,0.0011152566395342272,75,,84,COMPLETE
485,0.7047619047619048,2025-11-25 00:33:18.582607,2025-11-25 00:33:30.300219,0 days 00:00:11.717612,48,True,0.2724090822310822,36,0.0008525953401319737,75,,84,COMPLETE
486,0.6674603174603174,2025-11-25 00:33:27.846919,2025-11-25 00:33:39.358151,0 days 00:00:11.511232,48,True,0.25421286806825805,36,0.0014868010115121938,75,,84,COMPLETE
487,0.7380952380952381,2025-11-25 00:33:30.324746,2025-11-25 00:33:42.010009,0 days 00:00:11.685263,48,True,0.2556063915070017,36,0.0013912440966929354,75,,84,COMPLETE
488,0.6166666666666667,2025-11-25 00:33:39.388018,2025-11-25 00:33:50.777861,0 days 00:00:11.389843,48,True,0.23653614704504852,24,0.0012386004229481295,75,,84,COMPLETE
489,0.7222222222222223,2025-11-25 00:33:42.034416,2025-11-25 00:33:53.528982,0 days 00:00:11.494566,48,True,0.2365734297903709,24,0.0012941869569104976,75,,84,COMPLETE
490,0.692857142857143,2025-11-25 00:33:50.805059,2025-11-25 00:34:02.324644,0 days 00:00:11.519585,48,True,0.2988382862528901,28,0.0009036009866057727,75,,84,COMPLETE
491,0.6698412698412698,2025-11-25 00:33:53.562662,2025-11-25 00:34:05.028792,0 days 00:00:11.466130,48,True,0.3011520616265413,28,0.0008948880854965733,75,,84,COMPLETE
492,0.669047619047619,2025-11-25 00:34:02.353965,2025-11-25 00:34:13.863745,0 days 00:00:11.509780,48,True,0.30705391383603536,36,0.001178025645709085,75,,84,COMPLETE
493,0.7325396825396825,2025-11-25 00:34:05.052273,2025-11-25 00:34:16.551219,0 days 00:00:11.498946,48,True,0.2786036211375934,36,0.0014389535809810076,75,,84,COMPLETE
494,0.653968253968254,2025-11-25 00:34:13.894100,2025-11-25 00:34:25.342775,0 days 00:00:11.448675,48,True,0.2807686897876424,20,0.0013765592390973817,75,,84,COMPLETE
495,0.6492063492063492,2025-11-25 00:34:16.579751,2025-11-25 00:34:28.120286,0 days 00:00:11.540535,48,True,0.26615036114318563,20,0.001010353293912537,75,,84,COMPLETE
496,0.6904761904761904,2025-11-25 00:34:25.371511,2025-11-25 00:34:36.916248,0 days 00:00:11.544737,48,True,0.24772246784885846,32,0.001527391106386655,75,,84,COMPLETE
497,0.6095238095238096,2025-11-25 00:34:28.148163,2025-11-25 00:34:39.731419,0 days 00:00:11.583256,48,True,0.2510353384490861,32,0.004123359446779105,75,,84,COMPLETE
498,0.6087301587301587,2025-11-25 00:34:36.942421,2025-11-25 00:34:48.430427,0 days 00:00:11.488006,48,True,0.26364945780828514,36,0.0035007176125955997,75,,84,COMPLETE
499,0.6753968253968253,2025-11-25 00:34:39.755894,2025-11-25 00:34:51.345119,0 days 00:00:11.589225,48,True,0.262571269429142,36,0.00348754615923404,75,,84,COMPLETE
500,0.7611489040060467,2025-11-25 00:34:48.458769,2025-11-25 00:34:59.919032,0 days 00:00:11.460263,48,True,0.22090684529764576,28,0.0012254855838629527,75,,77,COMPLETE
501,0.6896825396825396,2025-11-25 00:34:51.373809,2025-11-25 00:35:02.828852,0 days 00:00:11.455043,48,True,0.22847039261528648,28,0.0012544822271200245,75,,84,COMPLETE
502,0.6738095238095237,2025-11-25 00:34:59.950804,2025-11-25 00:35:11.479256,0 days 00:00:11.528452,48,True,0.23514559183253111,28,0.0012302485728055662,75,,84,COMPLETE
503,0.6455026455026455,2025-11-25 00:35:02.854867,2025-11-25 00:35:14.426651,0 days 00:00:11.571784,48,True,0.20240057775707668,28,0.0010933827314744582,75,,77,COMPLETE
504,0.7218442932728646,2025-11-25 00:35:11.506302,2025-11-25 00:35:22.944252,0 days 00:00:11.437950,48,True,0.22054665108597515,28,0.0011169391124655002,75,,77,COMPLETE
505,0.6961451247165534,2025-11-25 00:35:14.453611,2025-11-25 00:35:25.954599,0 days 00:00:11.500988,48,True,0.21544653334692113,28,0.0011394144925025726,75,,77,COMPLETE
506,0.6848072562358277,2025-11-25 00:35:22.969827,2025-11-25 00:35:34.472275,0 days 00:00:11.502448,48,True,0.2118431327662762,28,0.0009950164304567215,75,,77,COMPLETE
507,0.6107331821617537,2025-11-25 00:35:25.981764,2025-11-25 00:35:37.623587,0 days 00:00:11.641823,48,True,0.24044195229033513,36,0.000988109140353645,75,,77,COMPLETE
508,0.8007936507936507,2025-11-25 00:35:34.534135,2025-11-25 00:35:50.586333,0 days 00:00:16.052198,32,True,0.2421280061353509,32,0.0015779225670357903,75,,84,COMPLETE
509,0.5825396825396826,2025-11-25 00:35:37.650080,2025-11-25 00:35:53.600690,0 days 00:00:15.950610,32,True,0.22447389660417033,36,0.0015766539809983172,75,,84,COMPLETE
510,0.6182539682539683,2025-11-25 00:35:50.612997,2025-11-25 00:36:02.085461,0 days 00:00:11.472464,48,True,0.22739784132412677,32,0.0016002818155722144,75,,84,COMPLETE
511,0.7023809523809524,2025-11-25 00:35:53.628829,2025-11-25 00:36:09.733295,0 days 00:00:16.104466,32,True,0.24380770558591608,32,0.001395493250262847,75,,84,COMPLETE
512,0.6579365079365079,2025-11-25 00:36:02.111731,2025-11-25 00:36:13.652401,0 days 00:00:11.540670,48,True,0.2424190678487463,32,0.001360802141948668,75,,84,COMPLETE
513,0.6277777777777778,2025-11-25 00:36:09.757643,2025-11-25 00:36:26.320290,0 days 00:00:16.562647,32,True,0.1262057645519057,32,0.0013421979221717854,75,,84,COMPLETE
514,0.7634920634920634,2025-11-25 00:36:13.679361,2025-11-25 00:36:29.927613,0 days 00:00:16.248252,32,True,0.1785096008905766,32,0.0015093254038156686,75,,84,COMPLETE
515,0.5412698412698412,2025-11-25 00:36:26.350123,2025-11-25 00:36:38.055670,0 days 00:00:11.705547,48,True,0.2117076716474806,32,0.0017041202012795821,75,,84,COMPLETE
516,0.75,2025-11-25 00:36:29.954990,2025-11-25 00:36:41.459412,0 days 00:00:11.504422,48,True,0.1533104415119202,32,0.0016700505255171053,75,,84,COMPLETE
517,0.6777777777777777,2025-11-25 00:36:38.080535,2025-11-25 00:36:54.350910,0 days 00:00:16.270375,32,True,0.2560001297578633,32,0.00151750523114647,75,,84,COMPLETE
518,0.511904761904762,2025-11-25 00:36:41.485693,2025-11-25 00:36:57.581152,0 days 00:00:16.095459,32,True,0.17065766827614046,32,0.001538627103524796,75,,84,COMPLETE
