number,value,datetime_start,datetime_complete,duration,params_batch_size,params_bidirectional,params_dropout,params_hidden_size,params_lr,params_n_epochs,params_num_layers,params_seq_len,state
519,0.6547619047619048,2025-11-25 00:36:54.376007,2025-11-25 00:37:10.364881,0 days 00:00:15.988874,32,True,0.2689535971715163,32,0.0014995992647967567,75,,84,COMPLETE
520,0.6698412698412698,2025-11-25 00:36:57.608668,2025-11-25 00:37:13.602781,0 days 00:00:15.994113,32,True,0.16176487206931406,32,0.001270052523469055,75,,84,COMPLETE
521,0.6960317460317459,2025-11-25 00:37:10.390330,2025-11-25 00:37:26.547157,0 days 00:00:16.156827,32,True,0.19821679610153917,32,0.0012621948027712261,75,,84,COMPLETE
522,0.5071428571428571,2025-11-25 00:37:13.631386,2025-11-25 00:37:29.885645,0 days 00:00:16.254259,32,True,0.11582564609937995,32,0.0014455704705151702,75,,84,COMPLETE
523,0.8166666666666668,2025-11-25 00:37:26.572954,2025-11-25 00:37:43.077577,0 days 00:00:16.504623,32,True,0.24972166024137565,32,0.0017583502514188871,75,,84,COMPLETE
524,0.6071428571428571,2025-11-25 00:37:29.917766,2025-11-25 00:37:41.393806,0 days 00:00:11.476040,48,True,0.2492780447022115,36,0.0017599859422386176,75,,84,COMPLETE
525,0.6460317460317461,2025-11-25 00:37:41.422427,2025-11-25 00:37:52.947355,0 days 00:00:11.524928,48,True,0.23630957852745033,32,0.0011705584852654417,75,,84,COMPLETE
526,0.6960317460317459,2025-11-25 00:37:43.108627,2025-11-25 00:37:59.252205,0 days 00:00:16.143578,32,True,0.23225598558345453,32,0.0017685092262512913,75,,84,COMPLETE
527,0.6,2025-11-25 00:37:52.974465,2025-11-25 00:38:09.114605,0 days 00:00:16.140140,32,True,0.2586038480697154,32,0.0016529010479280296,75,,84,COMPLETE
528,0.5912698412698413,2025-11-25 00:37:59.277875,2025-11-25 00:38:15.374748,0 days 00:00:16.096873,32,True,0.18449421850163883,32,0.001572990553619614,75,,84,COMPLETE
529,0.6166666666666666,2025-11-25 00:38:09.151522,2025-11-25 00:38:25.081119,0 days 00:00:15.929597,32,True,0.25101544556738176,32,0.0018644982962359603,75,,84,COMPLETE
530,0.6515873015873016,2025-11-25 00:38:15.400351,2025-11-25 00:38:31.469166,0 days 00:00:16.068815,32,True,0.25057614644411935,32,0.001844834832775259,75,,84,COMPLETE
531,0.5603174603174604,2025-11-25 00:38:25.105096,2025-11-25 00:38:36.848251,0 days 00:00:11.743155,48,True,0.24602006754868255,32,0.0014020089749581927,75,,84,COMPLETE
532,0.6904761904761904,2025-11-25 00:38:31.496078,2025-11-25 00:38:47.886333,0 days 00:00:16.390255,32,True,0.17685356395088794,32,0.0014264017850199118,75,,84,COMPLETE
533,0.47539682539682543,2025-11-25 00:38:36.876276,2025-11-25 00:38:52.805292,0 days 00:00:15.929016,32,True,0.26917302472924953,36,0.001422420851848824,75,,84,COMPLETE
534,0.5047619047619047,2025-11-25 00:38:47.911704,2025-11-25 00:39:03.883969,0 days 00:00:15.972265,32,True,0.2613853017645553,36,0.0016437938731789126,75,,84,COMPLETE
535,0.49603174603174605,2025-11-25 00:38:52.831637,2025-11-25 00:39:08.782229,0 days 00:00:15.950592,32,True,0.13046163814141654,36,0.0016780110324217002,75,,84,COMPLETE
536,0.7047619047619048,2025-11-25 00:39:03.914738,2025-11-25 00:39:15.546498,0 days 00:00:11.631760,48,True,0.23444411776070473,36,0.0013058252100185946,75,,84,COMPLETE
537,0.7222222222222222,2025-11-25 00:39:08.814829,2025-11-25 00:39:20.394286,0 days 00:00:11.579457,48,True,0.2368151924702137,32,0.0012660615487892163,75,,84,COMPLETE
538,0.6777777777777779,2025-11-25 00:39:15.572568,2025-11-25 00:39:27.184684,0 days 00:00:11.612116,48,True,0.2571718297702841,32,0.001176142114692488,75,,84,COMPLETE
539,0.623015873015873,2025-11-25 00:39:20.418195,2025-11-25 00:39:32.063479,0 days 00:00:11.645284,48,True,0.18244982895979842,36,0.0019774531326031495,75,,84,COMPLETE
540,0.8095238095238096,2025-11-25 00:39:27.214440,2025-11-25 00:39:38.958666,0 days 00:00:11.744226,48,True,0.22151287468357073,36,0.0019179519712445548,75,,84,COMPLETE
541,0.7452380952380953,2025-11-25 00:39:32.089091,2025-11-25 00:39:43.786980,0 days 00:00:11.697889,48,True,0.10025495433656206,36,0.0015178467579405029,75,,84,COMPLETE
542,0.7841269841269841,2025-11-25 00:39:38.985945,2025-11-25 00:39:50.397013,0 days 00:00:11.411068,48,True,0.22022156555907155,36,0.0018511123661685508,75,,84,COMPLETE
543,0.5206349206349207,2025-11-25 00:39:43.814675,2025-11-25 00:39:55.285540,0 days 00:00:11.470865,48,True,0.21492293362714734,32,0.0019430613178854494,75,,84,COMPLETE
544,0.6420634920634921,2025-11-25 00:39:50.423299,2025-11-25 00:40:02.003457,0 days 00:00:11.580158,48,True,0.21012885889520988,36,0.002124448791247408,75,,84,COMPLETE
545,0.8055555555555557,2025-11-25 00:39:55.311724,2025-11-25 00:40:06.926277,0 days 00:00:11.614553,48,True,0.20350188842924613,36,0.0021712936521110656,75,,84,COMPLETE
546,0.6698412698412698,2025-11-25 00:40:02.028288,2025-11-25 00:40:13.637909,0 days 00:00:11.609621,48,True,0.22354434282605862,36,0.0024385680977521353,75,,84,COMPLETE
547,0.6595238095238095,2025-11-25 00:40:06.953656,2025-11-25 00:40:18.338449,0 days 00:00:11.384793,48,True,0.2053531466196324,36,0.0022266630426856443,75,,84,COMPLETE
548,0.6341269841269841,2025-11-25 00:40:13.664598,2025-11-25 00:40:25.213017,0 days 00:00:11.548419,48,True,0.20604349681123768,36,0.00228100892949632,75,,84,COMPLETE
549,0.6404761904761905,2025-11-25 00:40:18.365889,2025-11-25 00:40:29.690805,0 days 00:00:11.324916,48,True,0.1978950617823212,36,0.0024457186129739437,75,,84,COMPLETE
550,0.638888888888889,2025-11-25 00:40:25.239315,2025-11-25 00:40:36.965200,0 days 00:00:11.725885,48,True,0.21976611497251922,36,0.0025289977220179912,75,,84,COMPLETE
551,0.7238095238095238,2025-11-25 00:40:29.718165,2025-11-25 00:40:41.349766,0 days 00:00:11.631601,48,True,0.22595461346293236,36,0.0027402333220389796,75,,84,COMPLETE
552,0.6547619047619048,2025-11-25 00:40:36.993089,2025-11-25 00:40:48.578682,0 days 00:00:11.585593,48,True,0.22943437174366485,36,0.002133593401366996,75,,84,COMPLETE
553,0.6531746031746031,2025-11-25 00:40:41.376724,2025-11-25 00:40:52.672193,0 days 00:00:11.295469,48,True,0.21641268542273834,36,0.0019560716700621097,75,,84,COMPLETE
554,0.6976190476190475,2025-11-25 00:40:48.611189,2025-11-25 00:41:00.156230,0 days 00:00:11.545041,48,True,0.18818135839881112,36,0.0018850929873424785,75,,84,COMPLETE
555,0.6587301587301587,2025-11-25 00:40:52.698230,2025-11-25 00:41:04.257234,0 days 00:00:11.559004,48,True,0.19453454431551948,36,0.0018067192109780133,75,,84,COMPLETE
556,0.6777777777777779,2025-11-25 00:41:00.183840,2025-11-25 00:41:11.710490,0 days 00:00:11.526650,48,True,0.24057783569672003,36,0.0017887328125689582,75,,84,COMPLETE
557,0.6634920634920635,2025-11-25 00:41:04.284015,2025-11-25 00:41:15.797706,0 days 00:00:11.513691,48,True,0.2447358337448852,36,0.0020673663995628435,75,,84,COMPLETE
558,0.6944444444444443,2025-11-25 00:41:11.740065,2025-11-25 00:41:23.086480,0 days 00:00:11.346415,48,True,0.24278334990192865,36,0.0018878814559630307,75,,84,COMPLETE
559,0.5746031746031747,2025-11-25 00:41:15.824207,2025-11-25 00:41:23.671894,0 days 00:00:07.847687,48,True,0.22957720810006113,36,0.0020131814838640323,50,,84,COMPLETE
560,0.4849206349206349,2025-11-25 00:41:23.112526,2025-11-25 00:41:34.603475,0 days 00:00:11.490949,48,True,0.23492701319817966,8,0.002038367105657113,75,,84,COMPLETE
561,0.6698412698412698,2025-11-25 00:41:23.699938,2025-11-25 00:41:35.105103,0 days 00:00:11.405165,48,True,0.20698302310336594,20,0.0020023161421250184,75,,84,COMPLETE
562,0.6095238095238096,2025-11-25 00:41:34.630610,2025-11-25 00:41:47.179094,0 days 00:00:12.548484,48,True,0.2192192087412902,20,0.0016728820895483027,75,,84,COMPLETE
563,0.7325396825396825,2025-11-25 00:41:35.137945,2025-11-25 00:41:47.669988,0 days 00:00:12.532043,48,True,0.2572408952626037,36,0.0017189681531573576,75,,84,COMPLETE
564,0.5880952380952381,2025-11-25 00:41:47.209706,2025-11-25 00:41:58.924693,0 days 00:00:11.714987,48,True,0.25764817365251325,36,0.0022647828037694277,75,,84,COMPLETE
565,0.6825396825396824,2025-11-25 00:41:58.950549,2025-11-25 00:42:09.724041,0 days 00:00:10.773492,48,True,0.24283084688046538,36,0.0017898714827659866,75,,84,COMPLETE
566,0.6531746031746032,2025-11-25 00:42:09.745414,2025-11-25 00:42:20.615533,0 days 00:00:10.870119,48,True,0.2763552759340056,36,0.0016339655226243037,75,,84,COMPLETE
567,0.6849206349206348,2025-11-25 00:42:20.636845,2025-11-25 00:42:31.867941,0 days 00:00:11.231096,48,True,0.2495346024924994,36,0.001844318492524487,75,,84,COMPLETE
568,0.7214285714285715,2025-11-25 00:42:31.888907,2025-11-25 00:42:42.679406,0 days 00:00:10.790499,48,True,0.22854023630174553,36,0.002121373593272581,75,,84,COMPLETE
569,0.6325396825396825,2025-11-25 00:42:42.708649,2025-11-25 00:42:53.427554,0 days 00:00:10.718905,48,True,0.26524896440561724,36,0.002788395891715818,75,,84,COMPLETE
570,0.7452380952380953,2025-11-25 00:42:53.456342,2025-11-25 00:43:04.064206,0 days 00:00:10.607864,48,True,0.2508610678900724,36,0.0015984050098560361,75,,84,COMPLETE
571,0.5460317460317461,2025-11-25 00:43:04.084422,2025-11-25 00:43:14.926708,0 days 00:00:10.842286,48,True,0.2750167254383673,12,0.002315796072918605,75,,84,COMPLETE
