number,value,datetime_start,datetime_complete,duration,params_batch_size,params_bidirectional,params_dropout,params_hidden_size,params_lr,params_n_epochs,params_num_layers,params_seq_len,state
260,0.6324074074074074,2025-11-25 00:01:03.404073,2025-11-25 00:01:40.061489,0 days 00:00:36.657416,16,False,0.31471670106549504,28,0.00038518514444321424,100,,91,COMPLETE
261,0.4916666666666667,2025-11-25 00:01:08.119611,2025-11-25 00:01:44.540203,0 days 00:00:36.420592,16,False,0.3518476241434929,28,0.0005340480235268494,100,,91,COMPLETE
262,0.6101851851851853,2025-11-25 00:01:40.091474,2025-11-25 00:02:16.513069,0 days 00:00:36.421595,16,False,0.2897948960580925,28,0.0005311370300677723,100,,91,COMPLETE
263,0.7253968253968255,2025-11-25 00:01:44.570543,2025-11-25 00:02:21.720458,0 days 00:00:37.149915,16,False,0.3040497098659808,32,0.0011679014723742149,100,,84,COMPLETE
264,0.6063492063492064,2025-11-25 00:02:16.552820,2025-11-25 00:02:36.677042,0 days 00:00:20.124222,32,False,0.30457733266519194,32,0.001180592201768874,100,,84,COMPLETE
265,0.6063492063492063,2025-11-25 00:02:21.748354,2025-11-25 00:02:58.968876,0 days 00:00:37.220522,16,False,0.24879921530992702,32,0.0012034097741412087,100,,84,COMPLETE
266,0.6103174603174604,2025-11-25 00:02:36.711089,2025-11-25 00:02:51.517359,0 days 00:00:14.806270,48,False,0.3222281438253775,32,0.0013684336119126157,100,,84,COMPLETE
267,0.0,2025-11-25 00:02:51.542745,2025-11-25 00:03:27.094035,0 days 00:00:35.551290,16,False,0.29098985208120826,36,0.00127981849688701,100,,98,COMPLETE
268,0.6472222222222223,2025-11-25 00:02:58.994853,2025-11-25 00:03:35.973741,0 days 00:00:36.978888,16,False,0.34202855468735843,20,0.0006250023025257121,100,,91,COMPLETE
269,0.4722222222222223,2025-11-25 00:03:27.138286,2025-11-25 00:04:10.731371,0 days 00:00:43.593085,16,True,0.3204442415852297,24,0.0006235809238829612,100,,91,COMPLETE
270,0.6515495086923658,2025-11-25 00:03:36.007270,2025-11-25 00:04:20.622526,0 days 00:00:44.615256,16,True,0.3217670989070577,24,0.00047820387100458667,100,,77,COMPLETE
271,0.6333333333333334,2025-11-25 00:04:10.763440,2025-11-25 00:04:48.143226,0 days 00:00:37.379786,16,False,0.26127745487252924,28,0.00047401788872489996,100,,84,COMPLETE
272,0.618291761148904,2025-11-25 00:04:20.649036,2025-11-25 00:04:57.800681,0 days 00:00:37.151645,16,False,0.3074104557399081,28,0.0007669487949543265,100,,77,COMPLETE
273,0.6190476190476191,2025-11-25 00:04:48.172388,2025-11-25 00:05:02.928327,0 days 00:00:14.755939,48,False,0.2834859004799132,32,0.0007925057882852592,100,,77,COMPLETE
274,0.5907407407407408,2025-11-25 00:04:57.824172,2025-11-25 00:05:12.661842,0 days 00:00:14.837670,48,False,0.4669858110278052,20,0.0006823039824130486,100,,91,COMPLETE
275,0.5685185185185185,2025-11-25 00:05:02.959112,2025-11-25 00:05:39.633202,0 days 00:00:36.674090,16,False,0.23529123539868388,20,0.0006897648547400898,100,,91,COMPLETE
276,0.6305555555555556,2025-11-25 00:05:12.694400,2025-11-25 00:05:49.730655,0 days 00:00:37.036255,16,False,0.27483997783591163,36,0.0004234752892295735,100,,91,COMPLETE
277,0.6324074074074074,2025-11-25 00:05:39.661824,2025-11-25 00:06:15.795403,0 days 00:00:36.133579,16,False,0.27335713901806774,36,0.0004113464468277546,100,,91,COMPLETE
278,0.5981481481481482,2025-11-25 00:05:49.756898,2025-11-25 00:06:26.746964,0 days 00:00:36.990066,16,False,0.44264585875736223,28,0.0005586646381493639,100,,91,COMPLETE
279,0.7166666666666668,2025-11-25 00:06:15.823183,2025-11-25 00:06:52.314895,0 days 00:00:36.491712,16,False,0.44495304677705894,28,0.0003276506463239969,100,,91,COMPLETE
280,0.6,2025-11-25 00:06:26.777635,2025-11-25 00:07:03.245575,0 days 00:00:36.467940,16,False,0.30619115687629406,28,0.0011242461463292607,100,,91,COMPLETE
281,0.5685185185185185,2025-11-25 00:06:52.347895,2025-11-25 00:07:28.070052,0 days 00:00:35.722157,16,False,0.2989419791375921,24,0.00031600335782265993,100,,91,COMPLETE
282,0.5794612794612793,2025-11-25 00:07:03.275432,2025-11-25 00:07:37.848221,0 days 00:00:34.572789,16,False,0.2935766310439261,24,0.00029656590627678473,100,,70,COMPLETE
283,0.0,2025-11-25 00:07:28.085306,2025-11-25 00:07:39.522171,0 days 00:00:11.436865,48,False,0.4412186943346044,28,0.0003468357318568476,100,,98,COMPLETE
284,0.0,2025-11-25 00:07:37.876537,2025-11-25 00:07:51.280715,0 days 00:00:13.404178,48,False,0.36635860126782377,32,0.00033889527451425917,100,,98,COMPLETE
285,0.44776334776334775,2025-11-25 00:07:39.555092,2025-11-25 00:08:05.247634,0 days 00:00:25.692542,16,False,0.36602306635095627,4,0.0003884868572886606,75,,70,COMPLETE
286,0.46445406445406445,2025-11-25 00:07:51.308336,2025-11-25 00:08:17.080266,0 days 00:00:25.771930,16,False,0.33218066522394646,8,0.00038669066982067606,75,,70,COMPLETE
287,0.5804713804713805,2025-11-25 00:08:05.275161,2025-11-25 00:08:39.377684,0 days 00:00:34.102523,16,False,0.43257483881214326,28,0.0003759577281653753,100,,70,COMPLETE
288,0.425,2025-11-25 00:08:17.105028,2025-11-25 00:08:50.831569,0 days 00:00:33.726541,16,False,0.4295912935960278,28,0.0008883465529973428,100,,91,COMPLETE
289,0.5509259259259259,2025-11-25 00:08:39.414447,2025-11-25 00:08:57.731757,0 days 00:00:18.317310,32,False,0.31469216405440903,28,0.00030957185213172333,100,,91,COMPLETE
290,0.7583333333333334,2025-11-25 00:08:50.857446,2025-11-25 00:09:24.216634,0 days 00:00:33.359188,16,False,0.31517454848895726,28,0.00032068450086459454,100,,91,COMPLETE
291,0.4856180856180856,2025-11-25 00:08:57.761194,2025-11-25 00:09:39.024148,0 days 00:00:41.262954,16,True,0.28647037748580517,28,0.0004361643741535074,100,,70,COMPLETE
292,0.54006734006734,2025-11-25 00:09:24.242438,2025-11-25 00:10:05.857112,0 days 00:00:41.614674,16,True,0.4790376502268072,24,0.00031946914932503434,100,,70,COMPLETE
293,0.5907166907166906,2025-11-25 00:09:39.047906,2025-11-25 00:10:14.343955,0 days 00:00:35.296049,16,False,0.47780853201394524,24,0.00032488100604889626,100,,70,COMPLETE
294,0.3981481481481482,2025-11-25 00:10:05.889317,2025-11-25 00:10:20.933613,0 days 00:00:15.044296,48,False,0.4506306600083405,32,0.0002856353342104862,100,,91,COMPLETE
295,0.65,2025-11-25 00:10:14.374604,2025-11-25 00:10:26.401213,0 days 00:00:12.026609,64,False,0.4518374157294423,32,0.0003639612384600722,100,,91,COMPLETE
296,0.5435185185185185,2025-11-25 00:10:20.965447,2025-11-25 00:10:55.759230,0 days 00:00:34.793783,16,False,0.40287604460252663,40,0.0005203926609601328,100,,91,COMPLETE
297,0.5657407407407408,2025-11-25 00:10:26.435737,2025-11-25 00:11:00.206688,0 days 00:00:33.770951,16,False,0.4029508456366185,40,0.0014799928163325164,100,,91,COMPLETE
298,0.6322270322270322,2025-11-25 00:10:55.783818,2025-11-25 00:11:30.068654,0 days 00:00:34.284836,16,False,0.4187703808978138,28,0.0006113014001721407,100,,70,COMPLETE
299,0.4443482443482443,2025-11-25 00:11:00.235493,2025-11-25 00:11:34.533260,0 days 00:00:34.297767,16,False,0.4204867533242911,28,0.0006088784065594344,100,,70,COMPLETE
300,0.5673881673881674,2025-11-25 00:11:30.091714,2025-11-25 00:11:41.224909,0 days 00:00:11.133195,64,False,0.302282533013125,28,0.00046983156337654543,100,,70,COMPLETE
301,0.6546296296296297,2025-11-25 00:11:34.563154,2025-11-25 00:11:44.962054,0 days 00:00:10.398900,64,False,0.30490140903563534,40,0.0004569493785576611,100,,91,COMPLETE
302,0.5240740740740741,2025-11-25 00:11:41.250449,2025-11-25 00:11:54.028565,0 days 00:00:12.778116,48,False,0.3389210102141087,20,0.00034217760796793857,100,,91,COMPLETE
303,0.44259259259259265,2025-11-25 00:11:44.988629,2025-11-25 00:11:57.718028,0 days 00:00:12.729399,48,False,0.3528690043898732,20,0.0003609294515296993,100,,91,COMPLETE
304,0.6889369889369891,2025-11-25 00:11:54.055032,2025-11-25 00:12:27.129046,0 days 00:00:33.074014,16,False,0.35468846583625135,40,0.009744843219455573,100,,70,COMPLETE
305,0.6130351130351132,2025-11-25 00:11:57.744544,2025-11-25 00:12:30.673433,0 days 00:00:32.928889,16,False,0.29377903369395825,40,0.0004059295178417718,100,,70,COMPLETE
306,0.5314814814814816,2025-11-25 00:12:27.155564,2025-11-25 00:12:59.204949,0 days 00:00:32.049385,16,False,0.29563523477955783,28,0.0004185110312701568,100,,91,COMPLETE
307,0.3981481481481482,2025-11-25 00:12:30.700481,2025-11-25 00:13:02.818442,0 days 00:00:32.117961,16,False,0.2599727467654836,28,0.001087894226532118,100,,91,COMPLETE
308,0.575925925925926,2025-11-25 00:12:59.231972,2025-11-25 00:13:30.926286,0 days 00:00:31.694314,16,False,0.22453030004945604,16,0.000495151322914187,100,,91,COMPLETE
309,0.5897546897546898,2025-11-25 00:13:02.845465,2025-11-25 00:13:20.621399,0 days 00:00:17.775934,32,False,0.46192449851933937,24,0.0005099304381822993,100,,70,COMPLETE
310,0.42037037037037034,2025-11-25 00:13:20.650230,2025-11-25 00:13:52.831491,0 days 00:00:32.181261,16,False,0.4411390646929098,16,0.0005773458804247941,100,,91,COMPLETE
311,0.5812890812890813,2025-11-25 00:13:30.958109,2025-11-25 00:14:04.212376,0 days 00:00:33.254267,16,False,0.32800960589157147,40,0.000708003485523969,100,,70,COMPLETE
312,0.718951418951419,2025-11-25 00:13:52.857889,2025-11-25 00:14:26.483207,0 days 00:00:33.625318,16,False,0.32718487664252116,24,0.0007112940658397832,100,,70,COMPLETE
313,0.5821067821067821,2025-11-25 00:14:04.237903,2025-11-25 00:14:37.959437,0 days 00:00:33.721534,16,False,0.27854909402603123,24,0.0013344644656079153,100,,70,COMPLETE
314,0.764928193499622,2025-11-25 00:14:26.509730,2025-11-25 00:15:05.503383,0 days 00:00:38.993653,16,True,0.3178645962129483,28,0.0007680201915423824,100,,77,COMPLETE
315,0.7165532879818595,2025-11-25 00:14:37.986770,2025-11-25 00:15:17.689467,0 days 00:00:39.702697,16,True,0.3248162079713339,28,0.0007641992499428718,100,,77,COMPLETE
316,0.673469387755102,2025-11-25 00:15:05.529060,2025-11-25 00:15:17.835435,0 days 00:00:12.306375,64,True,0.322592514007084,40,0.0008079125608550868,100,,77,COMPLETE
317,0.7014361300075586,2025-11-25 00:15:17.714923,2025-11-25 00:15:56.992321,0 days 00:00:39.277398,16,True,0.34128914076047046,40,0.0007703848889521987,100,,77,COMPLETE
318,0.6326530612244897,2025-11-25 00:15:17.862366,2025-11-25 00:15:56.882210,0 days 00:00:39.019844,16,True,0.3386933543945369,40,0.0007306058488699579,100,,77,COMPLETE
319,0.6500377928949357,2025-11-25 00:15:56.910892,2025-11-25 00:16:36.324187,0 days 00:00:39.413295,16,True,0.31297085037023187,32,0.0009075914251244971,100,,77,COMPLETE
320,0.6598639455782312,2025-11-25 00:15:57.071448,2025-11-25 00:16:36.448290,0 days 00:00:39.376842,16,True,0.3152671187490887,28,0.0008850675073015715,100,,77,COMPLETE
321,0.6182539682539683,2025-11-25 00:16:36.349641,2025-11-25 00:17:15.326132,0 days 00:00:38.976491,16,True,0.32528191750564023,28,0.0007930410368890557,100,,84,COMPLETE
322,0.7253968253968255,2025-11-25 00:16:36.489483,2025-11-25 00:17:15.727310,0 days 00:00:39.237827,16,True,0.3199516146195527,28,0.0007437254886894917,100,,84,COMPLETE
323,0.75,2025-11-25 00:17:15.353095,2025-11-25 00:17:44.812238,0 days 00:00:29.459143,16,True,0.32846587806156385,36,0.0007214320516853805,75,,84,COMPLETE
324,0.7087301587301588,2025-11-25 00:17:15.753207,2025-11-25 00:17:27.176609,0 days 00:00:11.423402,48,True,0.3121380433469437,40,0.0007055761979366696,75,,84,COMPLETE
325,0.7103174603174603,2025-11-25 00:17:27.203065,2025-11-25 00:18:06.303079,0 days 00:00:39.100014,16,True,0.30349727130076715,40,0.0008462144328724439,100,,84,COMPLETE
326,0.5818181818181818,2025-11-25 00:17:44.838070,2025-11-25 00:18:14.677765,0 days 00:00:29.839695,16,True,0.33568825161836446,36,0.0006550096943731016,75,,70,COMPLETE
327,0.7373015873015873,2025-11-25 00:18:06.331062,2025-11-25 00:18:17.649012,0 days 00:00:11.317950,48,True,0.3327142424847526,36,0.0006704687936111683,75,,84,COMPLETE
328,0.773015873015873,2025-11-25 00:18:14.703593,2025-11-25 00:18:26.037977,0 days 00:00:11.334384,48,True,0.32991291932045524,32,0.0007218818500649273,75,,84,COMPLETE
329,0.5579365079365078,2025-11-25 00:18:17.674608,2025-11-25 00:18:29.170294,0 days 00:00:11.495686,48,True,0.3175624719329876,36,0.0006734955545759184,75,,84,COMPLETE
330,0.7095238095238096,2025-11-25 00:18:26.068647,2025-11-25 00:18:37.405894,0 days 00:00:11.337247,48,True,0.34792943452681474,32,0.0008369003861576239,75,,84,COMPLETE
331,0.7087301587301588,2025-11-25 00:18:29.196651,2025-11-25 00:18:40.668597,0 days 00:00:11.471946,48,True,0.3480077532777025,32,0.0008052451496070991,75,,84,COMPLETE
332,0.6222222222222222,2025-11-25 00:18:37.435244,2025-11-25 00:18:48.680482,0 days 00:00:11.245238,48,True,0.3081937069916324,32,0.0007577135157833961,75,,84,COMPLETE
333,0.5579365079365078,2025-11-25 00:18:40.696596,2025-11-25 00:18:51.998283,0 days 00:00:11.301687,48,True,0.3106243239415834,32,0.0007330289837458009,75,,84,COMPLETE
334,0.5944444444444444,2025-11-25 00:18:48.706563,2025-11-25 00:19:00.078797,0 days 00:00:11.372234,48,True,0.28742961595184907,32,0.0009999289400479628,75,,84,COMPLETE
335,0.7253968253968255,2025-11-25 00:18:52.020541,2025-11-25 00:19:03.384904,0 days 00:00:11.364363,48,True,0.2864380074688029,36,0.0009867080038741688,75,,84,COMPLETE
336,0.6404761904761905,2025-11-25 00:19:00.110499,2025-11-25 00:19:11.460818,0 days 00:00:11.350319,48,True,0.33592527603919287,36,0.0009013892686098261,75,,84,COMPLETE
337,0.6309523809523809,2025-11-25 00:19:03.410964,2025-11-25 00:19:14.769014,0 days 00:00:11.358050,48,True,0.27868098916474876,36,0.0010956618146786877,75,,84,COMPLETE
338,0.6944444444444445,2025-11-25 00:19:11.487621,2025-11-25 00:19:22.897542,0 days 00:00:11.409921,48,True,0.278420325150892,36,0.0010164633476172304,75,,84,COMPLETE
339,0.7206349206349206,2025-11-25 00:19:14.794024,2025-11-25 00:19:26.341758,0 days 00:00:11.547734,48,True,0.2915893513090396,36,0.0012091573153525965,75,,84,COMPLETE
340,0.765079365079365,2025-11-25 00:19:22.921367,2025-11-25 00:19:34.435434,0 days 00:00:11.514067,48,True,0.29189538079504995,36,0.001154282923293075,75,,84,COMPLETE
341,0.65,2025-11-25 00:19:26.376915,2025-11-25 00:19:37.774801,0 days 00:00:11.397886,48,True,0.2998301545068514,36,0.0009279647306350158,75,,84,COMPLETE
342,0.6579365079365079,2025-11-25 00:19:34.461120,2025-11-25 00:19:45.773586,0 days 00:00:11.312466,48,True,0.2976493254086634,36,0.0011297927634998327,75,,84,COMPLETE
343,0.7611111111111111,2025-11-25 00:19:37.801122,2025-11-25 00:19:48.994949,0 days 00:00:11.193827,48,True,0.26835991228551825,36,0.001149245331242187,75,,84,COMPLETE
344,0.7738095238095238,2025-11-25 00:19:45.794363,2025-11-25 00:19:57.113128,0 days 00:00:11.318765,48,True,0.2625882616572889,36,0.0012950506317594187,75,,84,COMPLETE
345,0.6428571428571429,2025-11-25 00:19:49.039236,2025-11-25 00:20:00.440888,0 days 00:00:11.401652,48,True,0.24202745906483863,36,0.0013010420798865681,75,,84,COMPLETE
346,0.6404761904761905,2025-11-25 00:19:57.141657,2025-11-25 00:20:08.685614,0 days 00:00:11.543957,48,True,0.2450601201339347,36,0.0012954051075191719,75,,84,COMPLETE
347,0.5317460317460317,2025-11-25 00:20:00.470456,2025-11-25 00:20:11.962095,0 days 00:00:11.491639,48,True,0.25249239976996163,36,0.0014806063697087534,75,,84,COMPLETE
348,0.7396825396825397,2025-11-25 00:20:08.712210,2025-11-25 00:20:20.094804,0 days 00:00:11.382594,48,True,0.26360389461248723,36,0.0011957041452634464,75,,84,COMPLETE
349,0.7738095238095238,2025-11-25 00:20:11.988250,2025-11-25 00:20:23.393795,0 days 00:00:11.405545,48,True,0.2662374753822011,36,0.0011907771589018204,75,,84,COMPLETE
350,0.6015873015873017,2025-11-25 00:20:20.121249,2025-11-25 00:20:31.598660,0 days 00:00:11.477411,48,True,0.26771574523600195,36,0.0014303784609751877,75,,84,COMPLETE
351,0.6746031746031745,2025-11-25 00:20:23.422216,2025-11-25 00:20:34.929915,0 days 00:00:11.507699,48,True,0.26600730321261556,36,0.0013737702898778887,75,,84,COMPLETE
352,0.6142857142857143,2025-11-25 00:20:31.628301,2025-11-25 00:20:42.971950,0 days 00:00:11.343649,48,True,0.26144348582526045,36,0.0012924278931792696,75,,84,COMPLETE
353,0.576984126984127,2025-11-25 00:20:34.955426,2025-11-25 00:20:46.360022,0 days 00:00:11.404596,48,True,0.2600777924073093,36,0.001308793971443858,75,,84,COMPLETE
354,0.6531746031746032,2025-11-25 00:20:42.998484,2025-11-25 00:20:54.323200,0 days 00:00:11.324716,48,True,0.2546929021642631,36,0.0015367924621214292,75,,84,COMPLETE
355,0.6396825396825396,2025-11-25 00:20:46.386070,2025-11-25 00:20:57.754800,0 days 00:00:11.368730,48,True,0.2719578140099761,36,0.0016167593585591166,75,,84,COMPLETE
356,0.6182539682539683,2025-11-25 00:20:54.350359,2025-11-25 00:21:05.764838,0 days 00:00:11.414479,48,True,0.2553025994749963,36,0.0012034783594293457,75,,84,COMPLETE
357,0.6492063492063492,2025-11-25 00:20:57.777894,2025-11-25 00:21:09.193615,0 days 00:00:11.415721,48,True,0.2686883676712075,36,0.0011989508422193356,75,,84,COMPLETE
358,0.665079365079365,2025-11-25 00:21:05.791351,2025-11-25 00:21:17.218042,0 days 00:00:11.426691,48,True,0.26866561946795686,36,0.00111558883386372,75,,84,COMPLETE
359,0.7849206349206349,2025-11-25 00:21:09.220426,2025-11-25 00:21:20.787008,0 days 00:00:11.566582,48,True,0.24608311148207762,36,0.0010893505346245497,75,,84,COMPLETE
360,0.6698412698412698,2025-11-25 00:21:17.243054,2025-11-25 00:21:28.928803,0 days 00:00:11.685749,48,True,0.2519521108857827,36,0.0010338393882967775,75,,84,COMPLETE
361,0.7055555555555557,2025-11-25 00:21:20.813716,2025-11-25 00:21:32.392681,0 days 00:00:11.578965,48,True,0.23612832661069613,36,0.0010384427097350588,75,,84,COMPLETE
362,0.5412698412698413,2025-11-25 00:21:28.954094,2025-11-25 00:21:40.371418,0 days 00:00:11.417324,48,True,0.2276648365675885,36,0.0010897870399260482,75,,84,COMPLETE
363,0.6936507936507937,2025-11-25 00:21:32.416308,2025-11-25 00:21:43.947467,0 days 00:00:11.531159,48,True,0.2773176327747529,36,0.0011330620719430225,75,,84,COMPLETE
364,0.6579365079365079,2025-11-25 00:21:40.396041,2025-11-25 00:21:51.762740,0 days 00:00:11.366699,48,True,0.24334750130297106,36,0.0012169823002554014,75,,84,COMPLETE
365,0.6119047619047618,2025-11-25 00:21:43.974446,2025-11-25 00:21:55.383611,0 days 00:00:11.409165,48,True,0.2481585860976912,12,0.007285413229755223,75,,84,COMPLETE
366,0.4611111111111111,2025-11-25 00:21:51.787515,2025-11-25 00:22:03.166557,0 days 00:00:11.379042,48,True,0.24793473889325568,36,0.0056673468342042415,75,,84,COMPLETE
367,0.653968253968254,2025-11-25 00:21:55.409747,2025-11-25 00:22:06.866496,0 days 00:00:11.456749,48,True,0.2652509184722304,36,0.0009352870677291884,75,,84,COMPLETE
368,0.6865079365079364,2025-11-25 00:22:03.194153,2025-11-25 00:22:14.536574,0 days 00:00:11.342421,48,True,0.28483563081474716,36,0.001418197985887544,75,,84,COMPLETE
369,0.746031746031746,2025-11-25 00:22:06.891708,2025-11-25 00:22:18.257208,0 days 00:00:11.365500,48,True,0.2836231870390745,36,0.0014143937138587953,75,,84,COMPLETE
370,0.542063492063492,2025-11-25 00:22:14.564327,2025-11-25 00:22:26.106507,0 days 00:00:11.542180,48,True,0.25898677151783395,36,0.0003776712420052698,75,,84,COMPLETE
371,0.6460317460317461,2025-11-25 00:22:18.282504,2025-11-25 00:22:29.898510,0 days 00:00:11.616006,48,True,0.281042753214,36,0.0013767368604063158,75,,84,COMPLETE
372,0.7134920634920636,2025-11-25 00:22:26.161088,2025-11-25 00:22:37.501693,0 days 00:00:11.340605,48,True,0.2761121759911527,36,0.0013880558640639936,75,,84,COMPLETE
373,0.66984126984127,2025-11-25 00:22:29.928508,2025-11-25 00:22:41.357862,0 days 00:00:11.429354,48,True,0.27052014352020887,36,0.0012455274400063401,75,,84,COMPLETE
374,0.776984126984127,2025-11-25 00:22:37.540619,2025-11-25 00:22:48.701846,0 days 00:00:11.161227,48,True,0.27168749680685395,36,0.0016067552915594852,75,,84,COMPLETE
375,0.6777777777777779,2025-11-25 00:22:41.383887,2025-11-25 00:22:52.774403,0 days 00:00:11.390516,48,True,0.28699035073944756,36,0.0016573591078547234,75,,84,COMPLETE
376,0.6515873015873016,2025-11-25 00:22:48.729174,2025-11-25 00:23:00.023094,0 days 00:00:11.293920,48,True,0.2594088962291882,36,0.0015725138676314016,75,,84,COMPLETE
377,0.6984126984126985,2025-11-25 00:22:52.801287,2025-11-25 00:23:04.153482,0 days 00:00:11.352195,48,True,0.2613776760341454,36,0.001828503285924325,75,,84,COMPLETE
378,0.5206349206349207,2025-11-25 00:23:00.045379,2025-11-25 00:23:11.475615,0 days 00:00:11.430236,48,True,0.27502313224083796,36,0.0021353480468222497,75,,84,COMPLETE
379,0.6904761904761904,2025-11-25 00:23:04.179670,2025-11-25 00:23:15.589647,0 days 00:00:11.409977,48,True,0.2734677348288445,36,0.0023872170813083737,75,,84,COMPLETE
380,0.7214285714285715,2025-11-25 00:23:11.499892,2025-11-25 00:23:22.961155,0 days 00:00:11.461263,48,True,0.28790733096901827,36,0.0011417255227518406,75,,84,COMPLETE
381,0.7531746031746032,2025-11-25 00:23:15.615629,2025-11-25 00:23:27.151051,0 days 00:00:11.535422,48,True,0.2901921990002063,36,0.0019491033924438218,75,,84,COMPLETE
382,0.6373015873015873,2025-11-25 00:23:22.987850,2025-11-25 00:23:34.290234,0 days 00:00:11.302384,48,True,0.2923712028554091,36,0.0017090102061299416,75,,84,COMPLETE
383,0.7095238095238097,2025-11-25 00:23:27.176937,2025-11-25 00:23:38.529373,0 days 00:00:11.352436,48,True,0.2906449120294658,36,0.002023048639759499,75,,84,COMPLETE
384,0.6738095238095237,2025-11-25 00:23:34.316801,2025-11-25 00:23:45.569824,0 days 00:00:11.253023,48,True,0.2808179135614654,36,0.0014620649170536452,75,,84,COMPLETE
385,0.746031746031746,2025-11-25 00:23:38.557376,2025-11-25 00:23:49.789238,0 days 00:00:11.231862,48,True,0.24098872248868178,36,0.0014277014870859655,75,,84,COMPLETE
386,0.7865079365079365,2025-11-25 00:23:45.595592,2025-11-25 00:23:56.970184,0 days 00:00:11.374592,48,True,0.23676192688375552,36,0.0017998193098285747,75,,84,COMPLETE
387,0.7134920634920635,2025-11-25 00:23:49.816622,2025-11-25 00:24:01.252882,0 days 00:00:11.436260,48,True,0.2405685213131159,36,0.0016759684064860257,75,,84,COMPLETE
388,0.6992063492063493,2025-11-25 00:23:56.995916,2025-11-25 00:24:08.428976,0 days 00:00:11.433060,48,True,0.22070550241646583,36,0.0017162814347836586,75,,84,COMPLETE
